<?xml version="1.0" encoding="UTF-8"?>
<testsuite xmlns:xsi="http://www.w3.org/2001/XMLSchema-instance" xsi:noNamespaceSchemaLocation="https://maven.apache.org/surefire/maven-surefire-plugin/xsd/surefire-test-report.xsd" version="3.0.2" name="com.dilshan.java.JavaApplicationTests" time="2.888" tests="1" errors="0" skipped="0" failures="0" flakes="0">
  <properties>
[...]
</properties>
  <testcase name="contextLoads" classname="com.dilshan.java.JavaApplicationTests" time="0.825">
    <system-out><![CDATA[14:20:19.531 [main] INFO org.springframework.test.context.support.AnnotationConfigContextLoaderUtils -- Could not detect default configuration classes for test class [com.dilshan.java.JavaApplicationTests]: JavaApplicationTests does not declare any static, non-private, non-final, nested classes annotated with @Configuration.
14:20:19.684 [main] INFO org.springframework.boot.test.context.SpringBootTestContextBootstrapper -- Found @SpringBootConfiguration com.dilshan.java.JavaApplication for test class com.dilshan.java.JavaApplicationTests
14:20:19.788 [main] INFO org.springframework.test.context.support.AnnotationConfigContextLoaderUtils -- Could not detect default configuration classes for test class [com.dilshan.java.JavaApplicationTests]: JavaApplicationTests does not declare any static, non-private, non-final, nested classes annotated with @Configuration.
14:20:19.789 [main] INFO org.springframework.boot.test.context.SpringBootTestContextBootstrapper -- Found @SpringBootConfiguration com.dilshan.java.JavaApplication for test class com.dilshan.java.JavaApplicationTests

  .   ____          _            __ _ _
 /\\ / ___'_ __ _ _(_)_ __  __ _ \ \ \ \
( ( )\___ | '_ | '_| | '_ \/ _` | \ \ \ \
 \\/  ___)| |_)| | | | | || (_| |  ) ) ) )
  '  |____| .__|_| |_|_| |_\__, | / / / /
 =========|_|==============|___/=/_/_/_/

 :: Spring Boot ::                (v4.1.0)

2026-06-13T14:20:20.236+05:30  INFO 64285 --- [java] [           main] com.dilshan.java.JavaApplicationTests    : Starting JavaApplicationTests using Java 23.0.2 with PID 64285 (started by dilshanariyarathne in /Users/dilshanariyarathne/Downloads/java)
2026-06-13T14:20:20.238+05:30  INFO 64285 --- [java] [           main] com.dilshan.java.JavaApplicationTests    : No active profile set, falling back to 1 default profile: "default"
2026-06-13T14:20:21.327+05:30  INFO 64285 --- [java] [           main] com.dilshan.java.JavaApplicationTests    : Started JavaApplicationTests in 1.467 seconds (process running for 2.844)
]]></system-out>
    <system-err><![CDATA[Mockito is currently self-attaching to enable the inline-mock-maker. This will no longer work in future releases of the JDK. Please add Mockito as an agent to your build as described in Mockito's documentation: https://javadoc.io/doc/org.mockito/mockito-core/latest/org.mockito/org/mockito/Mockito.html#0.3
WARNING: A Java agent has been loaded dynamically (/Users/dilshanariyarathne/.m2/repository/net/bytebuddy/byte-buddy-agent/1.18.10/byte-buddy-agent-1.18.10.jar)
WARNING: If a serviceability tool is in use, please run with -XX:+EnableDynamicAgentLoading to hide this warning
WARNING: If a serviceability tool is not in use, please run with -Djdk.instrument.traceUsage for more information
WARNING: Dynamic loading of agents will be disallowed by default in a future release
]]></system-err>
  </testcase>
</testsuite>